Using pre-set license
Built from '2021.3/staging' branch; Version is '2021.3.14f1 (eee1884e7226) revision 15655304'; Using compiler version '192829333'; Build Type 'Release'
OS: 'Windows 10  (10.0.19044) 64bit Professional' Language: 'pt' Physical Memory: 8191 MB
BatchMode: 1, IsHumanControllingUs: 0, StartBugReporterOnCrash: 0, Is64bit: 1, IsPro: 1

COMMAND LINE ARGUMENTS:
D:\Program Files\Unity Hub\edit\2021.3.14f1\Editor\Unity.exe
-adb2
-batchMode
-noUpm
-name
AssetImportWorker0
-projectPath
D:/IFMS/sds/JogoLuiz
-logFile
Logs/AssetImportWorker0.log
-srvPort
56941
Successfully changed project path to: D:/IFMS/sds/JogoLuiz
D:/IFMS/sds/JogoLuiz
[UnityMemory] Configuration Parameters - Can be set up in boot.config
    "memorysetup-bucket-allocator-granularity=16"
    "memorysetup-bucket-allocator-bucket-count=8"
    "memorysetup-bucket-allocator-block-size=33554432"
    "memorysetup-bucket-allocator-block-count=8"
    "memorysetup-main-allocator-block-size=16777216"
    "memorysetup-thread-allocator-block-size=16777216"
    "memorysetup-gfx-main-allocator-block-size=16777216"
    "memorysetup-gfx-thread-allocator-block-size=16777216"
    "memorysetup-cache-allocator-block-size=4194304"
    "memorysetup-typetree-allocator-block-size=2097152"
    "memorysetup-profiler-bucket-allocator-granularity=16"
    "memorysetup-profiler-bucket-allocator-bucket-count=8"
    "memorysetup-profiler-bucket-allocator-block-size=33554432"
    "memorysetup-profiler-bucket-allocator-block-count=8"
    "memorysetup-profiler-allocator-block-size=16777216"
    "memorysetup-profiler-editor-allocator-block-size=1048576"
    "memorysetup-temp-allocator-size-main=16777216"
    "memorysetup-job-temp-allocator-block-size=2097152"
    "memorysetup-job-temp-allocator-block-size-background=1048576"
    "memorysetup-job-temp-allocator-reduction-small-platforms=262144"
    "memorysetup-temp-allocator-size-background-worker=32768"
    "memorysetup-temp-allocator-size-job-worker=262144"
    "memorysetup-temp-allocator-size-preload-manager=33554432"
    "memorysetup-temp-allocator-size-nav-mesh-worker=65536"
    "memorysetup-temp-allocator-size-audio-worker=65536"
    "memorysetup-temp-allocator-size-cloud-worker=32768"
    "memorysetup-temp-allocator-size-gi-baking-worker=262144"
    "memorysetup-temp-allocator-size-gfx=262144"
Refreshing native plugins compatible for Editor in 298.09 ms, found 4 plugins.
Preloading 0 native plugins for Editor in 0.00 ms.
Initialize engine version: 2021.3.14f1 (eee1884e7226)
[Subsystems] Discovering subsystems at path D:/Program Files/Unity Hub/edit/2021.3.14f1/Editor/Data/Resources/UnitySubsystems
[Subsystems] Discovering subsystems at path D:/IFMS/sds/JogoLuiz/Assets
GfxDevice: creating device client; threaded=0; jobified=0
Direct3D:
    Version:  Direct3D 11.0 [level 10.1]
    Renderer: NVIDIA GeForce 210  (ID=0xa65)
    Vendor:   NVIDIA
    VRAM:     972 MB
    Driver:   9.18.13.4174
Initialize mono
Mono path[0] = 'D:/Program Files/Unity Hub/edit/2021.3.14f1/Editor/Data/Managed'
Mono path[1] = 'D:/Program Files/Unity Hub/edit/2021.3.14f1/Editor/Data/MonoBleedingEdge/lib/mono/unityjit-win32'
Mono config path = 'D:/Program Files/Unity Hub/edit/2021.3.14f1/Editor/Data/MonoBleedingEdge/etc'
Using monoOptions --debugger-agent=transport=dt_socket,embedding=1,server=y,suspend=n,address=127.0.0.1:56992
Begin MonoManager ReloadAssembly
Registering precompiled unity dll's ...
Register platform support module: D:/Program Files/Unity Hub/edit/2021.3.14f1/Editor/Data/PlaybackEngines/WebGLSupport/UnityEditor.WebGL.Extensions.dll
Register platform support module: D:/Program Files/Unity Hub/edit/2021.3.14f1/Editor/Data/PlaybackEngines/AndroidPlayer/UnityEditor.Android.Extensions.dll
Register platform support module: D:/Program Files/Unity Hub/edit/2021.3.14f1/Editor/Data/PlaybackEngines/WindowsStandaloneSupport/UnityEditor.WindowsStandalone.Extensions.dll
Registered in 0.011301 seconds.
Native extension for WindowsStandalone target not found
Native extension for Android target not found
Native extension for WebGL target not found
Refreshing native plugins compatible for Editor in 876.41 ms, found 4 plugins.
Preloading 0 native plugins for Editor in 0.00 ms.
Mono: successfully reloaded assembly
- Completed reload, in  3.511 seconds
Domain Reload Profiling:
	ReloadAssembly (3513ms)
		BeginReloadAssembly (309ms)
			ExecutionOrderSort (0ms)
			DisableScriptedObjects (0ms)
			BackupInstance (0ms)
			ReleaseScriptingObjects (0ms)
			CreateAndSetChildDomain (6ms)
		EndReloadAssembly (2848ms)
			LoadAssemblies (306ms)
			RebuildTransferFunctionScriptingTraits (0ms)
			SetupTypeCache (350ms)
			ReleaseScriptCaches (0ms)
			RebuildScriptCaches (83ms)
			SetupLoadedEditorAssemblies (2216ms)
				LogAssemblyErrors (0ms)
				InitializePlatformSupportModulesInManaged (261ms)
				SetLoadedEditorAssemblies (0ms)
				RefreshPlugins (877ms)
				BeforeProcessingInitializeOnLoad (6ms)
				ProcessInitializeOnLoadAttributes (641ms)
				ProcessInitializeOnLoadMethodAttributes (428ms)
				AfterProcessingInitializeOnLoad (0ms)
				EditorAssembliesLoaded (3ms)
			ExecutionOrderSort2 (0ms)
			AwakeInstancesAfterBackupRestoration (0ms)
Platform modules already initialized, skipping
Registering precompiled user dll's ...
Registered in 0.017992 seconds.
Begin MonoManager ReloadAssembly
Symbol file LoadedFromMemory doesn't match image D:\IFMS\sds\JogoLuiz\Library\PackageCache\com.unity.visualscripting@1.7.8\Editor\VisualScripting.Core\Dependencies\YamlDotNet\Unity.VisualScripting.YamlDotNet.dll
Symbol file LoadedFromMemory doesn't match image D:\IFMS\sds\JogoLuiz\Library\PackageCache\com.unity.visualscripting@1.7.8\Editor\VisualScripting.Core\Dependencies\DotNetZip\Unity.VisualScripting.IonicZip.dll
Native extension for WindowsStandalone target not found
Native extension for Android target not found
Native extension for WebGL target not found
Refreshing native plugins compatible for Editor in 471.10 ms, found 4 plugins.
Preloading 0 native plugins for Editor in 0.00 ms.
Mono: successfully reloaded assembly
- Completed reload, in  6.641 seconds
Domain Reload Profiling:
	ReloadAssembly (6651ms)
		BeginReloadAssembly (748ms)
			ExecutionOrderSort (0ms)
			DisableScriptedObjects (35ms)
			BackupInstance (0ms)
			ReleaseScriptingObjects (0ms)
			CreateAndSetChildDomain (219ms)
		EndReloadAssembly (5434ms)
			LoadAssemblies (499ms)
			RebuildTransferFunctionScriptingTraits (0ms)
			SetupTypeCache (1548ms)
			ReleaseScriptCaches (6ms)
			RebuildScriptCaches (241ms)
			SetupLoadedEditorAssemblies (2899ms)
				LogAssemblyErrors (0ms)
				InitializePlatformSupportModulesInManaged (62ms)
				SetLoadedEditorAssemblies (1ms)
				RefreshPlugins (471ms)
				BeforeProcessingInitializeOnLoad (592ms)
				ProcessInitializeOnLoadAttributes (1358ms)
				ProcessInitializeOnLoadMethodAttributes (398ms)
				AfterProcessingInitializeOnLoad (17ms)
				EditorAssembliesLoaded (1ms)
			ExecutionOrderSort2 (0ms)
			AwakeInstancesAfterBackupRestoration (33ms)
Platform modules already initialized, skipping
========================================================================
Worker process is ready to serve import requests
Launched and connected shader compiler UnityShaderCompiler.exe after 0.20 seconds
Refreshing native plugins compatible for Editor in 1.79 ms, found 4 plugins.
Preloading 0 native plugins for Editor in 0.00 ms.
Unloading 4599 Unused Serialized files (Serialized files now loaded: 0)
Unloading 49 unused Assets / (229.1 KB). Loaded Objects now: 5047.
Memory consumption went from 169.7 MB to 169.5 MB.
Total: 16.001925 ms (FindLiveObjects: 1.095152 ms CreateObjectMapping: 0.739716 ms MarkObjects: 13.819934 ms  DeleteObjects: 0.337835 ms)

AssetImportParameters requested are different than current active one (requested -> active):
  custom:video-decoder-ogg-theora: a1e56fd34408186e4bbccfd4996cb3dc -> 
  custom:container-muxer-webm: aa71ff27fc2769a1b78a27578f13a17b -> 
  custom:container-demuxer-webm: 4f35f7cbe854078d1ac9338744f61a02 -> 
  custom:video-encoder-webm-vp8: eb34c28f22e8b96e1ab97ce403110664 -> 
  custom:audio-encoder-webm-vorbis: bf7c407c2cedff20999df2af8eb42d56 -> 
  custom:framework-win-MediaFoundation: 216162199b28c13a410421893ffa2e32 -> 
  custom:container-demuxer-ogg: 62fdf1f143b41e24485cea50d1cbac27 -> 
  custom:video-decoder-webm-vp8: 9c59270c3fd7afecdb556c50c9e8de78 -> 
  custom:audio-decoder-ogg-vorbis: bf7c407c2cedff20999df2af8eb42d56 -> 
========================================================================
Received Import Request.
  Time since last request: 92087.119354 seconds.
  path: Assets/Sprites
  artifactKey: Guid(558c5a31c078a4245b04c5652d3cac34) Importer(815301076,1909f56bfc062723c751e8b465ee728b)
Start importing Assets/Sprites using Guid(558c5a31c078a4245b04c5652d3cac34) Importer(815301076,1909f56bfc062723c751e8b465ee728b)  -> (artifact id: '8088e3e0567c242711621b0ec5b65551') in 0.079012 seconds 
========================================================================
Received Import Request.
  Time since last request: 168.206534 seconds.
  path: Assets/Screenshot_1.jpg
  artifactKey: Guid(2a68b728b6e336d45bff445fe9c90e41) Importer(815301076,1909f56bfc062723c751e8b465ee728b)
Start importing Assets/Screenshot_1.jpg using Guid(2a68b728b6e336d45bff445fe9c90e41) Importer(815301076,1909f56bfc062723c751e8b465ee728b)  -> (artifact id: 'f171bd3a67c3f9b5f4fc69929f188ac3') in 0.485299 seconds 
========================================================================
Received Import Request.
  Time since last request: 82.803829 seconds.
  path: Assets/Screenshot_1.jpg
  artifactKey: Guid(2a68b728b6e336d45bff445fe9c90e41) Importer(815301076,1909f56bfc062723c751e8b465ee728b)
Start importing Assets/Screenshot_1.jpg using Guid(2a68b728b6e336d45bff445fe9c90e41) Importer(815301076,1909f56bfc062723c751e8b465ee728b)  -> (artifact id: 'c0cc2529f7b4ac25980e6d5107e1d41c') in 0.071447 seconds 
========================================================================
Received Import Request.
  Time since last request: 85.878191 seconds.
  path: Assets/Screenshot_1.jpg
  artifactKey: Guid(2a68b728b6e336d45bff445fe9c90e41) Importer(815301076,1909f56bfc062723c751e8b465ee728b)
Start importing Assets/Screenshot_1.jpg using Guid(2a68b728b6e336d45bff445fe9c90e41) Importer(815301076,1909f56bfc062723c751e8b465ee728b)  -> (artifact id: '632c9cec13b99d8bf83578b552d72062') in 0.105202 seconds 
========================================================================
Received Import Request.
  Time since last request: 36.163783 seconds.
  path: Assets/Screenshot_1.jpg
  artifactKey: Guid(2a68b728b6e336d45bff445fe9c90e41) Importer(815301076,1909f56bfc062723c751e8b465ee728b)
Start importing Assets/Screenshot_1.jpg using Guid(2a68b728b6e336d45bff445fe9c90e41) Importer(815301076,1909f56bfc062723c751e8b465ee728b)  -> (artifact id: '42229bf9568ecc70ba1190778c9329a8') in 0.071251 seconds 
========================================================================
Received Import Request.
  Time since last request: 245.342343 seconds.
  path: Assets/soldado.png
  artifactKey: Guid(11ee33a22c515c44284a57280cd39016) Importer(815301076,1909f56bfc062723c751e8b465ee728b)
Start importing Assets/soldado.png using Guid(11ee33a22c515c44284a57280cd39016) Importer(815301076,1909f56bfc062723c751e8b465ee728b)  -> (artifact id: '22a187d9c32490f4a4a2437c8a4c6020') in 0.096514 seconds 
========================================================================
Received Import Request.
  Time since last request: 4.846795 seconds.
  path: Assets/Screenshot_1_0.controller
  artifactKey: Guid(7ffcb8044d5e960418ab33b315f342d4) Importer(815301076,1909f56bfc062723c751e8b465ee728b)
Start importing Assets/Screenshot_1_0.controller using Guid(7ffcb8044d5e960418ab33b315f342d4) Importer(815301076,1909f56bfc062723c751e8b465ee728b)  -> (artifact id: 'cbfa6023f24677d939d7de9959500545') in 0.097519 seconds 
========================================================================
Received Import Request.
  Time since last request: 3.910475 seconds.
  path: Assets/sold1.anim
  artifactKey: Guid(f5bb07b836a4bb742a12aff8309c48b5) Importer(815301076,1909f56bfc062723c751e8b465ee728b)
Start importing Assets/sold1.anim using Guid(f5bb07b836a4bb742a12aff8309c48b5) Importer(815301076,1909f56bfc062723c751e8b465ee728b)  -> (artifact id: 'bc8892c858c7c6f5d4e55c3baf065573') in 0.017358 seconds 
========================================================================
Received Import Request.
  Time since last request: 13.587971 seconds.
  path: Assets/soldado.png
  artifactKey: Guid(11ee33a22c515c44284a57280cd39016) Importer(815301076,1909f56bfc062723c751e8b465ee728b)
Start importing Assets/soldado.png using Guid(11ee33a22c515c44284a57280cd39016) Importer(815301076,1909f56bfc062723c751e8b465ee728b)  -> (artifact id: '1414bd6ed821a08426d94f57f81a4390') in 0.104636 seconds 
========================================================================
Received Import Request.
  Time since last request: 6.869070 seconds.
  path: Assets/soldado.png
  artifactKey: Guid(11ee33a22c515c44284a57280cd39016) Importer(815301076,1909f56bfc062723c751e8b465ee728b)
Start importing Assets/soldado.png using Guid(11ee33a22c515c44284a57280cd39016) Importer(815301076,1909f56bfc062723c751e8b465ee728b)  -> (artifact id: '874313a5ac613540aa783c2c31827ea6') in 0.065795 seconds 
========================================================================
Received Import Request.
  Time since last request: 436.743627 seconds.
  path: Assets/soldado_0.controller
  artifactKey: Guid(a3d7e663b3379b042b55bc73d70ab7ac) Importer(815301076,1909f56bfc062723c751e8b465ee728b)
Start importing Assets/soldado_0.controller using Guid(a3d7e663b3379b042b55bc73d70ab7ac) Importer(815301076,1909f56bfc062723c751e8b465ee728b)  -> (artifact id: '44ada8abda9c9942af4690d747e43ef6') in 0.017155 seconds 
========================================================================
Received Import Request.
  Time since last request: 1.963648 seconds.
  path: Assets/soldadoand.anim
  artifactKey: Guid(1ca502b997fed394d9f31245607baf03) Importer(815301076,1909f56bfc062723c751e8b465ee728b)
Start importing Assets/soldadoand.anim using Guid(1ca502b997fed394d9f31245607baf03) Importer(815301076,1909f56bfc062723c751e8b465ee728b)  -> (artifact id: 'c0cb177f1de3b482abdec2dcd041be42') in 0.048072 seconds 
========================================================================
Received Import Request.
  Time since last request: 1.718081 seconds.
  path: Assets/parado.anim
  artifactKey: Guid(53ba44bde4fee294d9fbca51caa5e6b5) Importer(815301076,1909f56bfc062723c751e8b465ee728b)
Start importing Assets/parado.anim using Guid(53ba44bde4fee294d9fbca51caa5e6b5) Importer(815301076,1909f56bfc062723c751e8b465ee728b)  -> (artifact id: '3418bd5b97a2d6b9e934aae3923378db') in 0.094519 seconds 
========================================================================
Received Import Request.
  Time since last request: 341.414637 seconds.
  path: Assets/andando.anim
  artifactKey: Guid(e090ad91a0ed23d4cab3931b06e9532e) Importer(815301076,1909f56bfc062723c751e8b465ee728b)
Start importing Assets/andando.anim using Guid(e090ad91a0ed23d4cab3931b06e9532e) Importer(815301076,1909f56bfc062723c751e8b465ee728b)  -> (artifact id: 'f9bca15a66bc7b6aa17184900e92dbfb') in 0.118956 seconds 
========================================================================
Received Import Request.
  Time since last request: 1196.420527 seconds.
  path: Assets/Prefab/Player.prefab
  artifactKey: Guid(2e30b8ea9eb234340b734b4391ebb031) Importer(815301076,1909f56bfc062723c751e8b465ee728b)
Start importing Assets/Prefab/Player.prefab using Guid(2e30b8ea9eb234340b734b4391ebb031) Importer(815301076,1909f56bfc062723c751e8b465ee728b) The Animator Controller (soldado_0) you have used is not valid. Animations will not play
UnityEngine.StackTraceUtility:ExtractStackTrace ()
UnityEditor.EditorUtility:Internal_InstantiateRemoveAllNonAnimationComponentsSingle (UnityEngine.Object,UnityEngine.Vector3,UnityEngine.Quaternion)
UnityEditor.EditorUtility:InstantiateRemoveAllNonAnimationComponents (UnityEngine.Object,UnityEngine.Vector3,UnityEngine.Quaternion)
UnityEditor.EditorUtility:InstantiateForAnimatorPreview (UnityEngine.Object)
UnityEditor.GameObjectInspector/PreviewData:UpdateGameObject (UnityEngine.Object)
UnityEditor.GameObjectInspector/PreviewData:.ctor (UnityEngine.Object)
UnityEditor.GameObjectInspector:GetPreviewData ()
UnityEditor.GameObjectInspector:RenderStaticPreview (string,UnityEngine.Object[],int,int)
UnityEditor.AssetPreviewUpdater:CreatePreview (UnityEngine.Object,UnityEngine.Object[],string,int,int)
UnityEditor.AssetPreviewUpdater:CreatePreviewForAsset (UnityEngine.Object,UnityEngine.Object[],string)

[C:\build\output\unity\unity\Modules\Animation\Director\AnimatorControllerPlayable.cpp line 333]

The Animator Controller (soldado_0) you have used is not valid. Animations will not play
UnityEngine.StackTraceUtility:ExtractStackTrace ()
UnityEditor.EditorUtility:InitInstantiatedPreviewRecursive (UnityEngine.GameObject)
UnityEditor.EditorUtility:InstantiateForAnimatorPreview (UnityEngine.Object)
UnityEditor.GameObjectInspector/PreviewData:UpdateGameObject (UnityEngine.Object)
UnityEditor.GameObjectInspector/PreviewData:.ctor (UnityEngine.Object)
UnityEditor.GameObjectInspector:GetPreviewData ()
UnityEditor.GameObjectInspector:RenderStaticPreview (string,UnityEngine.Object[],int,int)
UnityEditor.AssetPreviewUpdater:CreatePreview (UnityEngine.Object,UnityEngine.Object[],string,int,int)
UnityEditor.AssetPreviewUpdater:CreatePreviewForAsset (UnityEngine.Object,UnityEngine.Object[],string)

[C:\build\output\unity\unity\Modules\Animation\Director\AnimatorControllerPlayable.cpp line 333]

 -> (artifact id: 'e17de257b27800df3d864919bbe5bca1') in 0.277489 seconds 
========================================================================
Received Import Request.
  Time since last request: 198.311656 seconds.
  path: Packages/com.unity.2d.sprite/Editor/ObjectMenuCreation/DefaultAssets/Textures/v2/Capsule.png
  artifactKey: Guid(207ee8102dd4143d288186ef0be518ee) Importer(815301076,1909f56bfc062723c751e8b465ee728b)
Start importing Packages/com.unity.2d.sprite/Editor/ObjectMenuCreation/DefaultAssets/Textures/v2/Capsule.png using Guid(207ee8102dd4143d288186ef0be518ee) Importer(815301076,1909f56bfc062723c751e8b465ee728b)  -> (artifact id: 'bed4886001509367ddb0795beee018b4') in 0.392782 seconds 
========================================================================
Received Import Request.
  Time since last request: 90.348027 seconds.
  path: Assets/Prefab/bala.prefab
  artifactKey: Guid(6737eb40244a4e94b975a6512caf4e9e) Importer(815301076,1909f56bfc062723c751e8b465ee728b)
Start importing Assets/Prefab/bala.prefab using Guid(6737eb40244a4e94b975a6512caf4e9e) Importer(815301076,1909f56bfc062723c751e8b465ee728b)  -> (artifact id: 'd4aa939173b959db6309b39ee1900239') in 0.130983 seconds 
========================================================================
Received Import Request.
  Time since last request: 194.778550 seconds.
  path: Packages/com.unity.2d.spriteshape/Editor/ObjectMenuCreation/DefaultAssets/Sprite Shapes/Closed Sprite Shape.prefab
  artifactKey: Guid(c0583b4e855c74b8c82e7b9b5efb5ce9) Importer(815301076,1909f56bfc062723c751e8b465ee728b)
Start importing Packages/com.unity.2d.spriteshape/Editor/ObjectMenuCreation/DefaultAssets/Sprite Shapes/Closed Sprite Shape.prefab using Guid(c0583b4e855c74b8c82e7b9b5efb5ce9) Importer(815301076,1909f56bfc062723c751e8b465ee728b)  -> (artifact id: 'b0e0d64d8fff2998508adcc2a708433f') in 0.341776 seconds 
========================================================================
Received Import Request.
  Time since last request: 0.000220 seconds.
  path: Packages/com.unity.2d.spriteshape/Editor/ObjectMenuCreation/DefaultAssets/Sprite Shapes/Open Sprite Shape.prefab
  artifactKey: Guid(86ae7de409eb54f619fb1328e4d42480) Importer(815301076,1909f56bfc062723c751e8b465ee728b)
Start importing Packages/com.unity.2d.spriteshape/Editor/ObjectMenuCreation/DefaultAssets/Sprite Shapes/Open Sprite Shape.prefab using Guid(86ae7de409eb54f619fb1328e4d42480) Importer(815301076,1909f56bfc062723c751e8b465ee728b)  -> (artifact id: '12157564e89fea7af01846686439abba') in 0.066491 seconds 
